*** Using Compiler 'V5.06 update 4 (build 422)', folder: 'E:\Keil_v5\ARM\ARMCC\Bin'
Build target 'Template'
compiling main.c...
compiling control_task.c...
compiling LK_TECH.c...
compiling leg_task.c...
compiling DJI_MOTOR.c...
compiling high_pass_filter.c...
compiling BSP.c...
compiling balance_mode_switch_task.c...
compiling REMOTE.c...
compiling PM01.c...
compiling usart.c...
compiling delay.c...
compiling senior.c...
compiling led.c...
compiling low_pass_filter.c...
compiling CanBus.c...
compiling timer.c...
compiling Mileage.c...
compiling can.c...
compiling CH100.c...
compiling JUDGE.c...
compiling balance_task.c...
linking...
Program Size: Code=70576 RO-data=896 RW-data=544 ZI-data=9320  
FromELF: creating hex file...
"..\OBJ\Template.axf" - 0 Error(s), 0 Warning(s).
Build Time Elapsed:  00:00:02
